<?xml version="1.0" encoding="UTF-8"?>
<!-- Generated by org.testng.reporters.JUnitXMLReporter -->
<testsuite ignored="0" hostname="DESKTOP-MM89ABI" failures="1" tests="2" name="LoginTest" time="62.313" errors="0" timestamp="2025-08-20T17:27:45 IST">
  <testcase classname="Aug_18_ExcelIntegration.TestLogin" name="login" time="43.642"/>
  <testcase classname="Aug_18_ExcelIntegration.TestLogin" name="login" time="16.996">
    <failure type="java.lang.AssertionError" message="Login failed for user: user2@gmail.com">
      <![CDATA[java.lang.AssertionError: Login failed for user: user2@gmail.com
at Aug_18_ExcelIntegration.TestLogin.login(TestLogin.java:40)
at java.base/java.util.ArrayList.forEach(ArrayList.java:1596)
... Removed 26 stack frames]]>
    </failure>
  </testcase> <!-- login -->
</testsuite> <!-- LoginTest -->
