<?xml version="1.0" encoding="UTF-8"?>
<!-- Generated by org.testng.reporters.JUnitXMLReporter -->
<testsuite ignored="1" hostname="DESKTOP-MM89ABI" failures="0" tests="1" name="LoginTest" time="5.247" errors="0" timestamp="2025-08-16T08:20:25 IST">
  <testcase classname="testDemo1.NopCommerce" name="loginToNopCommerce" time="2.559"/>
  <testcase classname="testDemo1.NopCommerce" name="signUpToNopCommerce" time="0.0">
    <ignored/>
  </testcase> <!-- signUpToNopCommerce -->
</testsuite> <!-- LoginTest -->
