<?xml version="1.0" encoding="UTF-8"?>
<!-- Generated by org.testng.reporters.JUnitXMLReporter -->
<testsuite ignored="0" hostname="DESKTOP-MM89ABI" failures="0" tests="6" name="NopCommerce Tests" time="101.924" errors="0" timestamp="2025-08-18T11:04:36 IST">
  <testcase classname="testDemo1.NopCommerceParallelExecution" name="signUpToNopCommerce" time="6.166"/>
  <testcase classname="testDemo1.NopCommerceParallelExecution" name="signUpToNopCommerce" time="7.124"/>
  <testcase classname="testDemo1.NopCommerceParallelExecution" name="signUpToNopCommerce" time="4.337"/>
  <testcase classname="testDemo1.NopCommerceParallelExecution" name="loginToNopCommerce" time="8.391"/>
  <testcase classname="testDemo1.NopCommerceParallelExecution" name="loginToNopCommerce" time="4.848"/>
  <testcase classname="testDemo1.NopCommerceParallelExecution" name="loginToNopCommerce" time="91.354"/>
</testsuite> <!-- NopCommerce Tests -->
