<?xml version="1.0" encoding="UTF-8"?>
<!-- Generated by org.testng.reporters.JUnitXMLReporter -->
<testsuite ignored="2" hostname="DESKTOP-MM89ABI" failures="0" tests="1" name="SmokeTests" time="22.107" errors="0" timestamp="2025-08-17T11:58:27 IST">
  <testcase classname="testDemo1.NopCommerceSmokeRegressionTesting" name="signUpToNopCommerce" time="5.221"/>
  <testcase classname="testDemo1.NopCommerceSmokeRegressionTesting" name="LoginToNopCommerce" time="0.0">
    <ignored/>
  </testcase> <!-- LoginToNopCommerce -->
  <testcase classname="testDemo1.NopCommerceSmokeRegressionTesting" name="searchToNopCommerce" time="0.0">
    <ignored/>
  </testcase> <!-- searchToNopCommerce -->
</testsuite> <!-- SmokeTests -->
