<?xml version="1.0" encoding="UTF-8"?>
<!-- Generated by org.testng.reporters.JUnitXMLReporter -->
<testsuite ignored="1" hostname="DESKTOP-MM89ABI" failures="2" tests="2" name="Test2" time="0.055" errors="0" timestamp="2025-08-17T11:56:14 IST">
  <testcase classname="testDemo1.NopCommerceSmokeRegressionTesting" name="LoginToNopCommerce" time="0.007">
    <failure type="java.lang.NullPointerException" message="Cannot invoke &amp;quot;org.openqa.selenium.WebDriver.get(String)&amp;quot; because &amp;quot;this.driver&amp;quot; is null">
      <![CDATA[java.lang.NullPointerException: Cannot invoke "org.openqa.selenium.WebDriver.get(String)" because "this.driver" is null
at testDemo1.NopCommerceSmokeRegressionTesting.LoginToNopCommerce(NopCommerceSmokeRegressionTesting.java:67)
at java.base/java.util.ArrayList.forEach(ArrayList.java:1511)
... Removed 27 stack frames]]>
    </failure>
  </testcase> <!-- LoginToNopCommerce -->
  <testcase classname="testDemo1.NopCommerceSmokeRegressionTesting" name="searchToNopCommerce" time="0.001">
    <failure type="java.lang.NullPointerException" message="Cannot invoke &amp;quot;org.openqa.selenium.WebDriver.get(String)&amp;quot; because &amp;quot;this.driver&amp;quot; is null">
      <![CDATA[java.lang.NullPointerException: Cannot invoke "org.openqa.selenium.WebDriver.get(String)" because "this.driver" is null
at testDemo1.NopCommerceSmokeRegressionTesting.searchToNopCommerce(NopCommerceSmokeRegressionTesting.java:83)
at java.base/java.util.ArrayList.forEach(ArrayList.java:1511)
... Removed 27 stack frames]]>
    </failure>
  </testcase> <!-- searchToNopCommerce -->
  <testcase classname="testDemo1.NopCommerceSmokeRegressionTesting" name="signUpToNopCommerce" time="0.0">
    <ignored/>
  </testcase> <!-- signUpToNopCommerce -->
</testsuite> <!-- Test2 -->
