<?xml version="1.0" encoding="UTF-8"?>
<testng-results ignored="0" total="2" passed="2" failed="0" skipped="0">
  <reporter-output>
  </reporter-output>
  <suite started-at="2025-08-14T16:38:06 IST" name="Default suite" finished-at="2025-08-14T16:38:15 IST" duration-ms="8945">
    <groups>
    </groups>
    <test started-at="2025-08-14T16:38:06 IST" name="Default test" finished-at="2025-08-14T16:38:15 IST" duration-ms="8945">
      <class name="testDemo1.Annotation">
        <test-method is-config="true" signature="beforeSuite()[pri:0, instance:testDemo1.Annotation@712625fd]" started-at="2025-08-14T16:38:06 IST" name="beforeSuite" finished-at="2025-08-14T16:38:06 IST" duration-ms="9" status="PASS">
          <reporter-output>
          </reporter-output>
        </test-method> <!-- beforeSuite -->
        <test-method is-config="true" signature="beforeTEST()[pri:0, instance:testDemo1.Annotation@712625fd]" started-at="2025-08-14T16:38:06 IST" name="beforeTEST" finished-at="2025-08-14T16:38:06 IST" duration-ms="1" status="PASS">
          <reporter-output>
          </reporter-output>
        </test-method> <!-- beforeTEST -->
        <test-method is-config="true" signature="beforeClass()[pri:0, instance:testDemo1.Annotation@712625fd]" started-at="2025-08-14T16:38:06 IST" name="beforeClass" finished-at="2025-08-14T16:38:10 IST" duration-ms="4414" status="PASS">
          <reporter-output>
          </reporter-output>
        </test-method> <!-- beforeClass -->
        <test-method is-config="true" signature="beforeMethod()[pri:0, instance:testDemo1.Annotation@712625fd]" started-at="2025-08-14T16:38:10 IST" name="beforeMethod" finished-at="2025-08-14T16:38:11 IST" duration-ms="736" status="PASS">
          <reporter-output>
          </reporter-output>
        </test-method> <!-- beforeMethod -->
        <test-method signature="verifypage()[pri:1, instance:testDemo1.Annotation@712625fd]" started-at="2025-08-14T16:38:11 IST" name="verifypage" finished-at="2025-08-14T16:38:11 IST" duration-ms="3" status="PASS">
          <reporter-output>
          </reporter-output>
        </test-method> <!-- verifypage -->
        <test-method is-config="true" signature="afterMethod()[pri:0, instance:testDemo1.Annotation@712625fd]" started-at="2025-08-14T16:38:11 IST" name="afterMethod" finished-at="2025-08-14T16:38:12 IST" duration-ms="816" status="PASS">
          <reporter-output>
          </reporter-output>
        </test-method> <!-- afterMethod -->
        <test-method is-config="true" signature="beforeMethod()[pri:0, instance:testDemo1.Annotation@712625fd]" started-at="2025-08-14T16:38:12 IST" name="beforeMethod" finished-at="2025-08-14T16:38:13 IST" duration-ms="869" status="PASS">
          <reporter-output>
          </reporter-output>
        </test-method> <!-- beforeMethod -->
        <test-method signature="LoginTest()[pri:2, instance:testDemo1.Annotation@712625fd]" started-at="2025-08-14T16:38:13 IST" name="LoginTest" finished-at="2025-08-14T16:38:14 IST" duration-ms="1211" status="PASS">
          <reporter-output>
          </reporter-output>
        </test-method> <!-- LoginTest -->
        <test-method is-config="true" signature="afterMethod()[pri:0, instance:testDemo1.Annotation@712625fd]" started-at="2025-08-14T16:38:14 IST" name="afterMethod" finished-at="2025-08-14T16:38:14 IST" duration-ms="670" status="PASS">
          <reporter-output>
          </reporter-output>
        </test-method> <!-- afterMethod -->
        <test-method is-config="true" signature="afterClass()[pri:0, instance:testDemo1.Annotation@712625fd]" started-at="2025-08-14T16:38:14 IST" name="afterClass" finished-at="2025-08-14T16:38:15 IST" duration-ms="187" status="PASS">
          <reporter-output>
          </reporter-output>
        </test-method> <!-- afterClass -->
        <test-method is-config="true" signature="afterTest()[pri:0, instance:testDemo1.Annotation@712625fd]" started-at="2025-08-14T16:38:15 IST" name="afterTest" finished-at="2025-08-14T16:38:15 IST" duration-ms="0" status="PASS">
          <reporter-output>
          </reporter-output>
        </test-method> <!-- afterTest -->
        <test-method is-config="true" signature="afterSuite()[pri:0, instance:testDemo1.Annotation@712625fd]" started-at="2025-08-14T16:38:15 IST" name="afterSuite" finished-at="2025-08-14T16:38:15 IST" duration-ms="1" status="PASS">
          <reporter-output>
          </reporter-output>
        </test-method> <!-- afterSuite -->
      </class> <!-- testDemo1.Annotation -->
    </test> <!-- Default test -->
  </suite> <!-- Default suite -->
</testng-results>
