<?xml version="1.0" encoding="UTF-8"?>
<testng-results ignored="0" total="1" passed="1" failed="0" skipped="0">
  <reporter-output>
  </reporter-output>
  <suite started-at="2025-08-18T18:54:03 IST" name="Default suite" finished-at="2025-08-18T18:54:20 IST" duration-ms="16396">
    <groups>
    </groups>
    <test started-at="2025-08-18T18:54:03 IST" name="Default test" finished-at="2025-08-18T18:54:20 IST" duration-ms="16396">
      <class name="testDemo1.SynchronizationDemo">
        <test-method signature="signUp()[pri:1, instance:testDemo1.SynchronizationDemo@41a0aa7d]" started-at="2025-08-18T18:54:03 IST" name="signUp" finished-at="2025-08-18T18:54:20 IST" duration-ms="16340" status="PASS">
          <reporter-output>
          </reporter-output>
        </test-method> <!-- signUp -->
      </class> <!-- testDemo1.SynchronizationDemo -->
    </test> <!-- Default test -->
  </suite> <!-- Default suite -->
</testng-results>
